{"/Users/max/Dev/stellar-burgers/src/services/slices/constructorSlice.ts": {"path":"/Users/max/Dev/stellar-burgers/src/services/slices/constructorSlice.ts","statementMap":{"0":{"start":{"line":1,"column":0},"end":{"line":1,"column":80}},"1":{"start":{"line":3,"column":0},"end":{"line":3,"column":36}},"2":{"start":{"line":4,"column":0},"end":{"line":4,"column":56}},"3":{"start":{"line":6,"column":13},"end":{"line":13,"column":2}},"4":{"start":{"line":8,"column":45},"end":{"line":8,"column":47}},"5":{"start":{"line":9,"column":16},"end":{"line":9,"column":null}},"6":{"start":{"line":9,"column":10},"end":{"line":9,"column":null}},"7":{"start":{"line":10,"column":4},"end":{"line":10,"column":33}},"8":{"start":{"line":11,"column":4},"end":{"line":11,"column":15}},"9":{"start":{"line":22,"column":39},"end":{"line":27,"column":2}},"10":{"start":{"line":29,"column":25},"end":{"line":79,"column":2}},"11":{"start":{"line":38,"column":8},"end":{"line":42,"column":9}},"12":{"start":{"line":39,"column":10},"end":{"line":39,"column":37}},"13":{"start":{"line":41,"column":10},"end":{"line":41,"column":49}},"14":{"start":{"line":45,"column":19},"end":{"line":45,"column":27}},"15":{"start":{"line":46,"column":8},"end":{"line":46,"column":50}},"16":{"start":{"line":53,"column":6},"end":{"line":55,"column":8}},"17":{"start":{"line":54,"column":18},"end":{"line":54,"column":null}},"18":{"start":{"line":58,"column":6},"end":{"line":58,"column":23}},"19":{"start":{"line":59,"column":6},"end":{"line":59,"column":29}},"20":{"start":{"line":62,"column":6},"end":{"line":62,"column":34}},"21":{"start":{"line":66,"column":4},"end":{"line":77,"column":9}},"22":{"start":{"line":68,"column":8},"end":{"line":68,"column":34}},"23":{"start":{"line":71,"column":8},"end":{"line":71,"column":35}},"24":{"start":{"line":72,"column":8},"end":{"line":72,"column":52}},"25":{"start":{"line":75,"column":8},"end":{"line":75,"column":35}},"26":{"start":{"line":76,"column":8},"end":{"line":76,"column":36}},"27":{"start":{"line":82,"column":2},"end":{"line":85,"column":null}},"28":{"start":{"line":87,"column":0},"end":{"line":87,"column":40}}},"fnMap":{"0":{"name":"(anonymous_15)","decl":{"start":{"line":8,"column":2},"end":{"line":8,"column":9}},"loc":{"start":{"line":8,"column":47},"end":{"line":12,"column":null}}},"1":{"name":"(anonymous_18)","decl":{"start":{"line":34,"column":15},"end":{"line":34,"column":null}},"loc":{"start":{"line":36,"column":53},"end":{"line":43,"column":7}}},"2":{"name":"(anonymous_19)","decl":{"start":{"line":44,"column":15},"end":{"line":44,"column":16}},"loc":{"start":{"line":44,"column":39},"end":{"line":47,"column":7}}},"3":{"name":"(anonymous_20)","decl":{"start":{"line":49,"column":22},"end":{"line":49,"column":null}},"loc":{"start":{"line":51,"column":35},"end":{"line":56,"column":5}}},"4":{"name":"(anonymous_21)","decl":{"start":{"line":54,"column":8},"end":{"line":54,"column":9}},"loc":{"start":{"line":54,"column":13},"end":{"line":54,"column":22}}},"5":{"name":"(anonymous_22)","decl":{"start":{"line":57,"column":22},"end":{"line":57,"column":23}},"loc":{"start":{"line":57,"column":46},"end":{"line":60,"column":5}}},"6":{"name":"(anonymous_23)","decl":{"start":{"line":61,"column":21},"end":{"line":61,"column":22}},"loc":{"start":{"line":61,"column":45},"end":{"line":63,"column":5}}},"7":{"name":"(anonymous_24)","decl":{"start":{"line":65,"column":17},"end":{"line":65,"column":18}},"loc":{"start":{"line":65,"column":25},"end":{"line":78,"column":3}}},"8":{"name":"(anonymous_25)","decl":{"start":{"line":67,"column":36},"end":{"line":67,"column":37}},"loc":{"start":{"line":67,"column":42},"end":{"line":69,"column":7}}},"9":{"name":"(anonymous_26)","decl":{"start":{"line":70,"column":38},"end":{"line":70,"column":39}},"loc":{"start":{"line":70,"column":52},"end":{"line":73,"column":7}}},"10":{"name":"(anonymous_27)","decl":{"start":{"line":74,"column":37},"end":{"line":74,"column":38}},"loc":{"start":{"line":74,"column":43},"end":{"line":77,"column":7}}}},"branchMap":{"0":{"loc":{"start":{"line":9,"column":16},"end":{"line":9,"column":null}},"type":"switch","locations":[{"start":{"line":9,"column":16},"end":{"line":9,"column":null}}]},"1":{"loc":{"start":{"line":38,"column":8},"end":{"line":42,"column":9}},"type":"if","locations":[{"start":{"line":38,"column":8},"end":{"line":42,"column":9}},{"start":{"line":40,"column":15},"end":{"line":42,"column":9}}]}},"s":{"0":1,"1":1,"2":1,"3":1,"4":0,"5":0,"6":0,"7":0,"8":0,"9":1,"10":1,"11":2,"12":1,"13":1,"14":2,"15":2,"16":1,"17":1,"18":1,"19":1,"20":1,"21":1,"22":1,"23":1,"24":1,"25":1,"26":1,"27":1,"28":1},"f":{"0":0,"1":2,"2":2,"3":1,"4":1,"5":1,"6":1,"7":1,"8":1,"9":1,"10":1},"b":{"0":[0],"1":[1,1]}}
,"/Users/max/Dev/stellar-burgers/src/services/slices/ingredientsSlice.ts": {"path":"/Users/max/Dev/stellar-burgers/src/services/slices/ingredientsSlice.ts","statementMap":{"0":{"start":{"line":1,"column":0},"end":{"line":1,"column":65}},"1":{"start":{"line":2,"column":0},"end":{"line":2,"column":59}},"2":{"start":{"line":5,"column":13},"end":{"line":11,"column":2}},"3":{"start":{"line":7,"column":2},"end":{"line":10,"column":null}},"4":{"start":{"line":8,"column":21},"end":{"line":8,"column":null}},"5":{"start":{"line":8,"column":10},"end":{"line":8,"column":null}},"6":{"start":{"line":9,"column":4},"end":{"line":9,"column":20}},"7":{"start":{"line":19,"column":39},"end":{"line":23,"column":2}},"8":{"start":{"line":25,"column":25},"end":{"line":44,"column":2}},"9":{"start":{"line":30,"column":4},"end":{"line":42,"column":9}},"10":{"start":{"line":32,"column":8},"end":{"line":32,"column":31}},"11":{"start":{"line":33,"column":8},"end":{"line":33,"column":27}},"12":{"start":{"line":36,"column":8},"end":{"line":36,"column":32}},"13":{"start":{"line":37,"column":8},"end":{"line":37,"column":36}},"14":{"start":{"line":40,"column":8},"end":{"line":40,"column":32}},"15":{"start":{"line":41,"column":8},"end":{"line":41,"column":77}},"16":{"start":{"line":46,"column":0},"end":{"line":46,"column":40}}},"fnMap":{"0":{"name":"(anonymous_13)","decl":{"start":{"line":7,"column":2},"end":{"line":7,"column":null}},"loc":{"start":{"line":7,"column":2},"end":{"line":10,"column":null}}},"1":{"name":"(anonymous_16)","decl":{"start":{"line":29,"column":17},"end":{"line":29,"column":18}},"loc":{"start":{"line":29,"column":25},"end":{"line":43,"column":3}}},"2":{"name":"(anonymous_17)","decl":{"start":{"line":31,"column":41},"end":{"line":31,"column":42}},"loc":{"start":{"line":31,"column":47},"end":{"line":34,"column":7}}},"3":{"name":"(anonymous_18)","decl":{"start":{"line":35,"column":43},"end":{"line":35,"column":44}},"loc":{"start":{"line":35,"column":57},"end":{"line":38,"column":7}}},"4":{"name":"(anonymous_19)","decl":{"start":{"line":39,"column":42},"end":{"line":39,"column":43}},"loc":{"start":{"line":39,"column":56},"end":{"line":42,"column":7}}}},"branchMap":{"0":{"loc":{"start":{"line":8,"column":21},"end":{"line":8,"column":null}},"type":"switch","locations":[{"start":{"line":8,"column":21},"end":{"line":8,"column":null}}]},"1":{"loc":{"start":{"line":41,"column":22},"end":{"line":41,"column":76}},"type":"binary-expr","locations":[{"start":{"line":41,"column":22},"end":{"line":41,"column":42}},{"start":{"line":41,"column":46},"end":{"line":41,"column":76}}]}},"s":{"0":1,"1":1,"2":1,"3":0,"4":0,"5":0,"6":0,"7":1,"8":1,"9":1,"10":1,"11":1,"12":1,"13":1,"14":1,"15":1,"16":1},"f":{"0":0,"1":1,"2":1,"3":1,"4":1},"b":{"0":[0],"1":[1,0]}}
,"/Users/max/Dev/stellar-burgers/src/utils/burger-api.ts": {"path":"/Users/max/Dev/stellar-burgers/src/utils/burger-api.ts","statementMap":{"0":{"start":{"line":1,"column":0},"end":{"line":1,"column":48}},"1":{"start":{"line":5,"column":2},"end":{"line":5,"column":73}},"2":{"start":{"line":7,"column":22},"end":{"line":8,"column":5}},"3":{"start":{"line":8,"column":2},"end":{"line":8,"column":70}},"4":{"start":{"line":8,"column":49},"end":{"line":8,"column":69}},"5":{"start":{"line":19,"column":28},"end":{"line":20,"column":7}},"6":{"start":{"line":20,"column":2},"end":{"line":37,"column":7}},"7":{"start":{"line":29,"column":19},"end":{"line":29,"column":56}},"8":{"start":{"line":31,"column":6},"end":{"line":33,"column":7}},"9":{"start":{"line":32,"column":8},"end":{"line":32,"column":43}},"10":{"start":{"line":34,"column":6},"end":{"line":34,"column":69}},"11":{"start":{"line":35,"column":6},"end":{"line":35,"column":56}},"12":{"start":{"line":36,"column":6},"end":{"line":36,"column":25}},"13":{"start":{"line":19,"column":13},"end":{"line":19,"column":28}},"14":{"start":{"line":39,"column":32},"end":{"line":59,"column":2}},"15":{"start":{"line":41,"column":22},"end":{"line":59,"column":2}},"16":{"start":{"line":44,"column":16},"end":{"line":44,"column":null}},"17":{"start":{"line":44,"column":10},"end":{"line":44,"column":null}},"18":{"start":{"line":45,"column":11},"end":{"line":45,"column":39}},"19":{"start":{"line":45,"column":4},"end":{"line":45,"column":39}},"20":{"start":{"line":47,"column":8},"end":{"line":47,"column":9}},"21":{"start":{"line":48,"column":26},"end":{"line":48,"column":null}},"22":{"start":{"line":48,"column":12},"end":{"line":48,"column":null}},"23":{"start":{"line":49,"column":6},"end":{"line":52,"column":7}},"24":{"start":{"line":50,"column":9},"end":{"line":51,"column":34}},"25":{"start":{"line":53,"column":18},"end":{"line":53,"column":null}},"26":{"start":{"line":53,"column":12},"end":{"line":53,"column":null}},"27":{"start":{"line":54,"column":13},"end":{"line":54,"column":41}},"28":{"start":{"line":54,"column":6},"end":{"line":54,"column":41}},"29":{"start":{"line":56,"column":6},"end":{"line":56,"column":33}},"30":{"start":{"line":39,"column":13},"end":{"line":39,"column":32}},"31":{"start":{"line":75,"column":33},"end":{"line":76,"column":7}},"32":{"start":{"line":76,"column":2},"end":{"line":81,"column":7}},"33":{"start":{"line":77,"column":19},"end":{"line":77,"column":60}},"34":{"start":{"line":79,"column":6},"end":{"line":79,"column":42}},"35":{"start":{"line":79,"column":25},"end":{"line":79,"column":42}},"36":{"start":{"line":80,"column":6},"end":{"line":80,"column":34}},"37":{"start":{"line":75,"column":13},"end":{"line":75,"column":33}},"38":{"start":{"line":83,"column":27},"end":{"line":84,"column":7}},"39":{"start":{"line":84,"column":2},"end":{"line":89,"column":7}},"40":{"start":{"line":85,"column":19},"end":{"line":85,"column":54}},"41":{"start":{"line":87,"column":6},"end":{"line":87,"column":37}},"42":{"start":{"line":87,"column":25},"end":{"line":87,"column":37}},"43":{"start":{"line":88,"column":6},"end":{"line":88,"column":34}},"44":{"start":{"line":83,"column":13},"end":{"line":83,"column":27}},"45":{"start":{"line":91,"column":28},"end":{"line":116,"column":1}},"46":{"start":{"line":92,"column":14},"end":{"line":92,"column":38}},"47":{"start":{"line":94,"column":2},"end":{"line":102,"column":3}},"48":{"start":{"line":95,"column":4},"end":{"line":97,"column":5}},"49":{"start":{"line":96,"column":6},"end":{"line":96,"column":43}},"50":{"start":{"line":98,"column":4},"end":{"line":100,"column":5}},"51":{"start":{"line":99,"column":6},"end":{"line":99,"column":45}},"52":{"start":{"line":101,"column":4},"end":{"line":101,"column":37}},"53":{"start":{"line":104,"column":2},"end":{"line":115,"column":5}},"54":{"start":{"line":111,"column":4},"end":{"line":113,"column":5}},"55":{"start":{"line":112,"column":6},"end":{"line":112,"column":44}},"56":{"start":{"line":114,"column":4},"end":{"line":114,"column":32}},"57":{"start":{"line":91,"column":13},"end":{"line":91,"column":28}},"58":{"start":{"line":141,"column":30},"end":{"line":142,"column":18}},"59":{"start":{"line":142,"column":2},"end":{"line":154,"column":5}},"60":{"start":{"line":152,"column":4},"end":{"line":152,"column":35}},"61":{"start":{"line":152,"column":23},"end":{"line":152,"column":35}},"62":{"start":{"line":153,"column":4},"end":{"line":153,"column":32}},"63":{"start":{"line":141,"column":13},"end":{"line":141,"column":30}},"64":{"start":{"line":160,"column":35},"end":{"line":161,"column":7}},"65":{"start":{"line":161,"column":2},"end":{"line":166,"column":55}},"66":{"start":{"line":166,"column":19},"end":{"line":166,"column":54}},"67":{"start":{"line":160,"column":13},"end":{"line":160,"column":35}},"68":{"start":{"line":180,"column":31},"end":{"line":181,"column":7}},"69":{"start":{"line":181,"column":2},"end":{"line":192,"column":7}},"70":{"start":{"line":188,"column":19},"end":{"line":188,"column":53}},"71":{"start":{"line":190,"column":6},"end":{"line":190,"column":37}},"72":{"start":{"line":190,"column":25},"end":{"line":190,"column":37}},"73":{"start":{"line":191,"column":6},"end":{"line":191,"column":34}},"74":{"start":{"line":180,"column":13},"end":{"line":180,"column":31}},"75":{"start":{"line":199,"column":28},"end":{"line":200,"column":7}},"76":{"start":{"line":200,"column":2},"end":{"line":211,"column":7}},"77":{"start":{"line":207,"column":19},"end":{"line":207,"column":53}},"78":{"start":{"line":209,"column":6},"end":{"line":209,"column":37}},"79":{"start":{"line":209,"column":25},"end":{"line":209,"column":37}},"80":{"start":{"line":210,"column":6},"end":{"line":210,"column":34}},"81":{"start":{"line":199,"column":13},"end":{"line":199,"column":28}},"82":{"start":{"line":213,"column":33},"end":{"line":214,"column":7}},"83":{"start":{"line":214,"column":2},"end":{"line":225,"column":7}},"84":{"start":{"line":221,"column":19},"end":{"line":221,"column":59}},"85":{"start":{"line":223,"column":6},"end":{"line":223,"column":37}},"86":{"start":{"line":223,"column":25},"end":{"line":223,"column":37}},"87":{"start":{"line":224,"column":6},"end":{"line":224,"column":34}},"88":{"start":{"line":213,"column":13},"end":{"line":213,"column":33}},"89":{"start":{"line":227,"column":32},"end":{"line":228,"column":7}},"90":{"start":{"line":228,"column":2},"end":{"line":239,"column":7}},"91":{"start":{"line":235,"column":19},"end":{"line":235,"column":59}},"92":{"start":{"line":237,"column":6},"end":{"line":237,"column":37}},"93":{"start":{"line":237,"column":25},"end":{"line":237,"column":37}},"94":{"start":{"line":238,"column":6},"end":{"line":238,"column":34}},"95":{"start":{"line":227,"column":13},"end":{"line":227,"column":32}},"96":{"start":{"line":243,"column":26},"end":{"line":244,"column":18}},"97":{"start":{"line":244,"column":2},"end":{"line":248,"column":5}},"98":{"start":{"line":243,"column":13},"end":{"line":243,"column":26}},"99":{"start":{"line":250,"column":29},"end":{"line":251,"column":18}},"100":{"start":{"line":251,"column":2},"end":{"line":258,"column":5}},"101":{"start":{"line":250,"column":13},"end":{"line":250,"column":29}},"102":{"start":{"line":260,"column":25},"end":{"line":261,"column":7}},"103":{"start":{"line":261,"column":2},"end":{"line":269,"column":60}},"104":{"start":{"line":269,"column":19},"end":{"line":269,"column":59}},"105":{"start":{"line":260,"column":13},"end":{"line":260,"column":25}}},"fnMap":{"0":{"name":"(anonymous_13)","decl":{"start":{"line":7,"column":22},"end":{"line":7,"column":26}},"loc":{"start":{"line":7,"column":39},"end":{"line":8,"column":5}}},"1":{"name":"(anonymous_14)","decl":{"start":{"line":8,"column":40},"end":{"line":8,"column":41}},"loc":{"start":{"line":8,"column":44},"end":{"line":8,"column":56}}},"2":{"name":"(anonymous_15)","decl":{"start":{"line":19,"column":28},"end":{"line":19,"column":null}},"loc":{"start":{"line":19,"column":28},"end":{"line":20,"column":7}}},"3":{"name":"(anonymous_16)","decl":{"start":{"line":29,"column":10},"end":{"line":29,"column":11}},"loc":{"start":{"line":29,"column":14},"end":{"line":29,"column":32}}},"4":{"name":"(anonymous_17)","decl":{"start":{"line":30,"column":10},"end":{"line":30,"column":11}},"loc":{"start":{"line":30,"column":22},"end":{"line":37,"column":5}}},"5":{"name":"(anonymous_18)","decl":{"start":{"line":39,"column":32},"end":{"line":39,"column":null}},"loc":{"start":{"line":41,"column":22},"end":{"line":59,"column":2}}},"6":{"name":"(anonymous_19)","decl":{"start":{"line":41,"column":22},"end":{"line":41,"column":null}},"loc":{"start":{"line":41,"column":22},"end":{"line":59,"column":2}}},"7":{"name":"(anonymous_21)","decl":{"start":{"line":75,"column":33},"end":{"line":75,"column":null}},"loc":{"start":{"line":75,"column":33},"end":{"line":76,"column":7}}},"8":{"name":"(anonymous_22)","decl":{"start":{"line":77,"column":10},"end":{"line":77,"column":11}},"loc":{"start":{"line":77,"column":14},"end":{"line":77,"column":32}}},"9":{"name":"(anonymous_23)","decl":{"start":{"line":78,"column":10},"end":{"line":78,"column":11}},"loc":{"start":{"line":78,"column":15},"end":{"line":81,"column":5}}},"10":{"name":"(anonymous_24)","decl":{"start":{"line":83,"column":27},"end":{"line":83,"column":null}},"loc":{"start":{"line":83,"column":27},"end":{"line":84,"column":7}}},"11":{"name":"(anonymous_25)","decl":{"start":{"line":85,"column":10},"end":{"line":85,"column":11}},"loc":{"start":{"line":85,"column":14},"end":{"line":85,"column":32}}},"12":{"name":"(anonymous_26)","decl":{"start":{"line":86,"column":10},"end":{"line":86,"column":11}},"loc":{"start":{"line":86,"column":15},"end":{"line":89,"column":5}}},"13":{"name":"(anonymous_27)","decl":{"start":{"line":91,"column":28},"end":{"line":91,"column":null}},"loc":{"start":{"line":91,"column":28},"end":{"line":116,"column":1}}},"14":{"name":"(anonymous_28)","decl":{"start":{"line":110,"column":10},"end":{"line":110,"column":11}},"loc":{"start":{"line":110,"column":15},"end":{"line":115,"column":3}}},"15":{"name":"(anonymous_29)","decl":{"start":{"line":141,"column":30},"end":{"line":141,"column":31}},"loc":{"start":{"line":141,"column":45},"end":{"line":142,"column":18}}},"16":{"name":"(anonymous_30)","decl":{"start":{"line":151,"column":10},"end":{"line":151,"column":11}},"loc":{"start":{"line":151,"column":15},"end":{"line":154,"column":3}}},"17":{"name":"(anonymous_31)","decl":{"start":{"line":160,"column":35},"end":{"line":160,"column":36}},"loc":{"start":{"line":160,"column":50},"end":{"line":161,"column":7}}},"18":{"name":"(anonymous_32)","decl":{"start":{"line":166,"column":10},"end":{"line":166,"column":11}},"loc":{"start":{"line":166,"column":14},"end":{"line":166,"column":32}}},"19":{"name":"(anonymous_33)","decl":{"start":{"line":180,"column":31},"end":{"line":180,"column":32}},"loc":{"start":{"line":180,"column":51},"end":{"line":181,"column":7}}},"20":{"name":"(anonymous_34)","decl":{"start":{"line":188,"column":10},"end":{"line":188,"column":11}},"loc":{"start":{"line":188,"column":14},"end":{"line":188,"column":32}}},"21":{"name":"(anonymous_35)","decl":{"start":{"line":189,"column":10},"end":{"line":189,"column":11}},"loc":{"start":{"line":189,"column":15},"end":{"line":192,"column":5}}},"22":{"name":"(anonymous_36)","decl":{"start":{"line":199,"column":28},"end":{"line":199,"column":29}},"loc":{"start":{"line":199,"column":45},"end":{"line":200,"column":7}}},"23":{"name":"(anonymous_37)","decl":{"start":{"line":207,"column":10},"end":{"line":207,"column":11}},"loc":{"start":{"line":207,"column":14},"end":{"line":207,"column":32}}},"24":{"name":"(anonymous_38)","decl":{"start":{"line":208,"column":10},"end":{"line":208,"column":11}},"loc":{"start":{"line":208,"column":15},"end":{"line":211,"column":5}}},"25":{"name":"(anonymous_39)","decl":{"start":{"line":213,"column":33},"end":{"line":213,"column":34}},"loc":{"start":{"line":213,"column":57},"end":{"line":214,"column":7}}},"26":{"name":"(anonymous_40)","decl":{"start":{"line":221,"column":10},"end":{"line":221,"column":11}},"loc":{"start":{"line":221,"column":14},"end":{"line":221,"column":32}}},"27":{"name":"(anonymous_41)","decl":{"start":{"line":222,"column":10},"end":{"line":222,"column":11}},"loc":{"start":{"line":222,"column":15},"end":{"line":225,"column":5}}},"28":{"name":"(anonymous_42)","decl":{"start":{"line":227,"column":32},"end":{"line":227,"column":33}},"loc":{"start":{"line":227,"column":74},"end":{"line":228,"column":7}}},"29":{"name":"(anonymous_43)","decl":{"start":{"line":235,"column":10},"end":{"line":235,"column":11}},"loc":{"start":{"line":235,"column":14},"end":{"line":235,"column":32}}},"30":{"name":"(anonymous_44)","decl":{"start":{"line":236,"column":10},"end":{"line":236,"column":11}},"loc":{"start":{"line":236,"column":15},"end":{"line":239,"column":5}}},"31":{"name":"(anonymous_45)","decl":{"start":{"line":243,"column":26},"end":{"line":243,"column":null}},"loc":{"start":{"line":243,"column":26},"end":{"line":244,"column":18}}},"32":{"name":"(anonymous_46)","decl":{"start":{"line":250,"column":29},"end":{"line":250,"column":30}},"loc":{"start":{"line":250,"column":58},"end":{"line":251,"column":18}}},"33":{"name":"(anonymous_47)","decl":{"start":{"line":260,"column":25},"end":{"line":260,"column":null}},"loc":{"start":{"line":260,"column":25},"end":{"line":261,"column":7}}},"34":{"name":"(anonymous_48)","decl":{"start":{"line":269,"column":10},"end":{"line":269,"column":11}},"loc":{"start":{"line":269,"column":14},"end":{"line":269,"column":32}}}},"branchMap":{"0":{"loc":{"start":{"line":5,"column":2},"end":{"line":5,"column":73}},"type":"binary-expr","locations":[{"start":{"line":5,"column":2},"end":{"line":5,"column":28}},{"start":{"line":5,"column":32},"end":{"line":5,"column":73}}]},"1":{"loc":{"start":{"line":8,"column":2},"end":{"line":8,"column":69}},"type":"cond-expr","locations":[{"start":{"line":8,"column":11},"end":{"line":8,"column":21}},{"start":{"line":8,"column":24},"end":{"line":8,"column":69}}]},"2":{"loc":{"start":{"line":31,"column":6},"end":{"line":33,"column":7}},"type":"if","locations":[{"start":{"line":31,"column":6},"end":{"line":33,"column":7}}]},"3":{"loc":{"start":{"line":45,"column":4},"end":{"line":45,"column":39}},"type":"switch","locations":[{"start":{"line":45,"column":4},"end":{"line":45,"column":39}},{"start":{"line":54,"column":6},"end":{"line":54,"column":41}},{"start":{"line":56,"column":6},"end":{"line":56,"column":33}}]},"4":{"loc":{"start":{"line":47,"column":8},"end":{"line":47,"column":9}},"type":"if","locations":[{"start":{"line":47,"column":8},"end":{"line":47,"column":9}}]},"5":{"loc":{"start":{"line":49,"column":6},"end":{"line":52,"column":7}},"type":"if","locations":[{"start":{"line":49,"column":6},"end":{"line":52,"column":7}}]},"6":{"loc":{"start":{"line":79,"column":6},"end":{"line":79,"column":42}},"type":"if","locations":[{"start":{"line":79,"column":6},"end":{"line":79,"column":42}}]},"7":{"loc":{"start":{"line":79,"column":10},"end":{"line":79,"column":23}},"type":"cond-expr","locations":[{"start":{"line":79,"column":14},"end":{"line":79,"column":16}},{"start":{"line":79,"column":10},"end":{"line":79,"column":23}}]},"8":{"loc":{"start":{"line":79,"column":10},"end":{"line":79,"column":16}},"type":"binary-expr","locations":[{"start":{"line":79,"column":10},"end":{"line":79,"column":16}},{"start":{"line":79,"column":10},"end":{"line":79,"column":16}}]},"9":{"loc":{"start":{"line":87,"column":6},"end":{"line":87,"column":37}},"type":"if","locations":[{"start":{"line":87,"column":6},"end":{"line":87,"column":37}}]},"10":{"loc":{"start":{"line":87,"column":10},"end":{"line":87,"column":23}},"type":"cond-expr","locations":[{"start":{"line":87,"column":14},"end":{"line":87,"column":16}},{"start":{"line":87,"column":10},"end":{"line":87,"column":23}}]},"11":{"loc":{"start":{"line":87,"column":10},"end":{"line":87,"column":16}},"type":"binary-expr","locations":[{"start":{"line":87,"column":10},"end":{"line":87,"column":16}},{"start":{"line":87,"column":10},"end":{"line":87,"column":16}}]},"12":{"loc":{"start":{"line":94,"column":2},"end":{"line":102,"column":3}},"type":"if","locations":[{"start":{"line":94,"column":2},"end":{"line":102,"column":3}}]},"13":{"loc":{"start":{"line":95,"column":4},"end":{"line":97,"column":5}},"type":"if","locations":[{"start":{"line":95,"column":4},"end":{"line":97,"column":5}}]},"14":{"loc":{"start":{"line":98,"column":4},"end":{"line":100,"column":5}},"type":"if","locations":[{"start":{"line":98,"column":4},"end":{"line":100,"column":5}}]},"15":{"loc":{"start":{"line":111,"column":4},"end":{"line":113,"column":5}},"type":"if","locations":[{"start":{"line":111,"column":4},"end":{"line":113,"column":5}}]},"16":{"loc":{"start":{"line":111,"column":8},"end":{"line":111,"column":21}},"type":"cond-expr","locations":[{"start":{"line":111,"column":12},"end":{"line":111,"column":14}},{"start":{"line":111,"column":8},"end":{"line":111,"column":21}}]},"17":{"loc":{"start":{"line":111,"column":8},"end":{"line":111,"column":14}},"type":"binary-expr","locations":[{"start":{"line":111,"column":8},"end":{"line":111,"column":14}},{"start":{"line":111,"column":8},"end":{"line":111,"column":14}}]},"18":{"loc":{"start":{"line":112,"column":13},"end":{"line":112,"column":43}},"type":"binary-expr","locations":[{"start":{"line":112,"column":13},"end":{"line":112,"column":24}},{"start":{"line":112,"column":28},"end":{"line":112,"column":37}},{"start":{"line":112,"column":41},"end":{"line":112,"column":43}}]},"19":{"loc":{"start":{"line":152,"column":4},"end":{"line":152,"column":35}},"type":"if","locations":[{"start":{"line":152,"column":4},"end":{"line":152,"column":35}}]},"20":{"loc":{"start":{"line":152,"column":8},"end":{"line":152,"column":21}},"type":"cond-expr","locations":[{"start":{"line":152,"column":12},"end":{"line":152,"column":14}},{"start":{"line":152,"column":8},"end":{"line":152,"column":21}}]},"21":{"loc":{"start":{"line":152,"column":8},"end":{"line":152,"column":14}},"type":"binary-expr","locations":[{"start":{"line":152,"column":8},"end":{"line":152,"column":14}},{"start":{"line":152,"column":8},"end":{"line":152,"column":14}}]},"22":{"loc":{"start":{"line":190,"column":6},"end":{"line":190,"column":37}},"type":"if","locations":[{"start":{"line":190,"column":6},"end":{"line":190,"column":37}}]},"23":{"loc":{"start":{"line":190,"column":10},"end":{"line":190,"column":23}},"type":"cond-expr","locations":[{"start":{"line":190,"column":14},"end":{"line":190,"column":16}},{"start":{"line":190,"column":10},"end":{"line":190,"column":23}}]},"24":{"loc":{"start":{"line":190,"column":10},"end":{"line":190,"column":16}},"type":"binary-expr","locations":[{"start":{"line":190,"column":10},"end":{"line":190,"column":16}},{"start":{"line":190,"column":10},"end":{"line":190,"column":16}}]},"25":{"loc":{"start":{"line":209,"column":6},"end":{"line":209,"column":37}},"type":"if","locations":[{"start":{"line":209,"column":6},"end":{"line":209,"column":37}}]},"26":{"loc":{"start":{"line":209,"column":10},"end":{"line":209,"column":23}},"type":"cond-expr","locations":[{"start":{"line":209,"column":14},"end":{"line":209,"column":16}},{"start":{"line":209,"column":10},"end":{"line":209,"column":23}}]},"27":{"loc":{"start":{"line":209,"column":10},"end":{"line":209,"column":16}},"type":"binary-expr","locations":[{"start":{"line":209,"column":10},"end":{"line":209,"column":16}},{"start":{"line":209,"column":10},"end":{"line":209,"column":16}}]},"28":{"loc":{"start":{"line":223,"column":6},"end":{"line":223,"column":37}},"type":"if","locations":[{"start":{"line":223,"column":6},"end":{"line":223,"column":37}}]},"29":{"loc":{"start":{"line":223,"column":10},"end":{"line":223,"column":23}},"type":"cond-expr","locations":[{"start":{"line":223,"column":14},"end":{"line":223,"column":16}},{"start":{"line":223,"column":10},"end":{"line":223,"column":23}}]},"30":{"loc":{"start":{"line":223,"column":10},"end":{"line":223,"column":16}},"type":"binary-expr","locations":[{"start":{"line":223,"column":10},"end":{"line":223,"column":16}},{"start":{"line":223,"column":10},"end":{"line":223,"column":16}}]},"31":{"loc":{"start":{"line":237,"column":6},"end":{"line":237,"column":37}},"type":"if","locations":[{"start":{"line":237,"column":6},"end":{"line":237,"column":37}}]},"32":{"loc":{"start":{"line":237,"column":10},"end":{"line":237,"column":23}},"type":"cond-expr","locations":[{"start":{"line":237,"column":14},"end":{"line":237,"column":16}},{"start":{"line":237,"column":10},"end":{"line":237,"column":23}}]},"33":{"loc":{"start":{"line":237,"column":10},"end":{"line":237,"column":16}},"type":"binary-expr","locations":[{"start":{"line":237,"column":10},"end":{"line":237,"column":16}},{"start":{"line":237,"column":10},"end":{"line":237,"column":16}}]}},"s":{"0":2,"1":2,"2":2,"3":0,"4":0,"5":2,"6":0,"7":0,"8":0,"9":0,"10":0,"11":0,"12":0,"13":2,"14":2,"15":0,"16":0,"17":0,"18":0,"19":0,"20":0,"21":0,"22":0,"23":0,"24":0,"25":0,"26":0,"27":0,"28":0,"29":0,"30":2,"31":2,"32":0,"33":0,"34":0,"35":0,"36":0,"37":2,"38":2,"39":0,"40":0,"41":0,"42":0,"43":0,"44":2,"45":2,"46":0,"47":0,"48":0,"49":0,"50":0,"51":0,"52":0,"53":0,"54":0,"55":0,"56":0,"57":2,"58":2,"59":0,"60":0,"61":0,"62":0,"63":2,"64":2,"65":0,"66":0,"67":2,"68":2,"69":0,"70":0,"71":0,"72":0,"73":0,"74":2,"75":2,"76":0,"77":0,"78":0,"79":0,"80":0,"81":2,"82":2,"83":0,"84":0,"85":0,"86":0,"87":0,"88":2,"89":2,"90":0,"91":0,"92":0,"93":0,"94":0,"95":2,"96":2,"97":0,"98":2,"99":2,"100":0,"101":2,"102":2,"103":0,"104":0,"105":2},"f":{"0":0,"1":0,"2":0,"3":0,"4":0,"5":0,"6":0,"7":0,"8":0,"9":0,"10":0,"11":0,"12":0,"13":0,"14":0,"15":0,"16":0,"17":0,"18":0,"19":0,"20":0,"21":0,"22":0,"23":0,"24":0,"25":0,"26":0,"27":0,"28":0,"29":0,"30":0,"31":0,"32":0,"33":0,"34":0},"b":{"0":[2,2],"1":[0,0],"2":[0],"3":[0,0,0],"4":[0],"5":[0],"6":[0],"7":[0,0],"8":[0,0],"9":[0],"10":[0,0],"11":[0,0],"12":[0],"13":[0],"14":[0],"15":[0],"16":[0,0],"17":[0,0],"18":[0,0,0],"19":[0],"20":[0,0],"21":[0,0],"22":[0],"23":[0,0],"24":[0,0],"25":[0],"26":[0,0],"27":[0,0],"28":[0],"29":[0,0],"30":[0,0],"31":[0],"32":[0,0],"33":[0,0]}}
,"/Users/max/Dev/stellar-burgers/src/utils/cookie.ts": {"path":"/Users/max/Dev/stellar-burgers/src/utils/cookie.ts","statementMap":{"0":{"start":{"line":2,"column":18},"end":{"line":8,"column":null}},"1":{"start":{"line":10,"column":2},"end":{"line":10,"column":62}},"2":{"start":{"line":1,"column":0},"end":{"line":1,"column":16}},"3":{"start":{"line":16,"column":2},"end":{"line":16,"column":null}},"4":{"start":{"line":18,"column":2},"end":{"line":21,"column":4}},"5":{"start":{"line":23,"column":12},"end":{"line":23,"column":25}},"6":{"start":{"line":24,"column":2},"end":{"line":28,"column":3}},"7":{"start":{"line":25,"column":14},"end":{"line":25,"column":24}},"8":{"start":{"line":26,"column":4},"end":{"line":26,"column":40}},"9":{"start":{"line":27,"column":4},"end":{"line":27,"column":28}},"10":{"start":{"line":30,"column":2},"end":{"line":32,"column":3}},"11":{"start":{"line":31,"column":4},"end":{"line":31,"column":38}},"12":{"start":{"line":33,"column":2},"end":{"line":33,"column":36}},"13":{"start":{"line":34,"column":22},"end":{"line":34,"column":40}},"14":{"start":{"line":35,"column":2},"end":{"line":41,"column":3}},"15":{"start":{"line":36,"column":4},"end":{"line":36,"column":37}},"16":{"start":{"line":37,"column":22},"end":{"line":37,"column":37}},"17":{"start":{"line":38,"column":4},"end":{"line":40,"column":5}},"18":{"start":{"line":39,"column":6},"end":{"line":39,"column":39}},"19":{"start":{"line":42,"column":2},"end":{"line":42,"column":34}},"20":{"start":{"line":13,"column":0},"end":{"line":13,"column":16}},"21":{"start":{"line":46,"column":2},"end":{"line":46,"column":39}},"22":{"start":{"line":45,"column":0},"end":{"line":45,"column":16}}},"fnMap":{"0":{"name":"getCookie","decl":{"start":{"line":1,"column":16},"end":{"line":1,"column":25}},"loc":{"start":{"line":1,"column":38},"end":{"line":11,"column":1}}},"1":{"name":"setCookie","decl":{"start":{"line":13,"column":16},"end":{"line":13,"column":25}},"loc":{"start":{"line":16,"column":65},"end":{"line":43,"column":1}}},"2":{"name":"deleteCookie","decl":{"start":{"line":45,"column":16},"end":{"line":45,"column":28}},"loc":{"start":{"line":45,"column":41},"end":{"line":47,"column":1}}}},"branchMap":{"0":{"loc":{"start":{"line":10,"column":9},"end":{"line":10,"column":61}},"type":"cond-expr","locations":[{"start":{"line":10,"column":19},"end":{"line":10,"column":49}},{"start":{"line":10,"column":52},"end":{"line":10,"column":61}}]},"1":{"loc":{"start":{"line":16,"column":2},"end":{"line":16,"column":null}},"type":"if","locations":[{"start":{"line":16,"column":2},"end":{"line":16,"column":null}}]},"2":{"loc":{"start":{"line":24,"column":2},"end":{"line":28,"column":3}},"type":"if","locations":[{"start":{"line":24,"column":2},"end":{"line":28,"column":3}}]},"3":{"loc":{"start":{"line":24,"column":6},"end":{"line":24,"column":36}},"type":"binary-expr","locations":[{"start":{"line":24,"column":6},"end":{"line":24,"column":9}},{"start":{"line":24,"column":13},"end":{"line":24,"column":36}}]},"4":{"loc":{"start":{"line":30,"column":2},"end":{"line":32,"column":3}},"type":"if","locations":[{"start":{"line":30,"column":2},"end":{"line":32,"column":3}}]},"5":{"loc":{"start":{"line":30,"column":6},"end":{"line":30,"column":32}},"type":"binary-expr","locations":[{"start":{"line":30,"column":6},"end":{"line":30,"column":9}},{"start":{"line":30,"column":13},"end":{"line":30,"column":32}}]},"6":{"loc":{"start":{"line":38,"column":4},"end":{"line":40,"column":5}},"type":"if","locations":[{"start":{"line":38,"column":4},"end":{"line":40,"column":5}}]}},"s":{"0":0,"1":0,"2":2,"3":0,"4":0,"5":0,"6":0,"7":0,"8":0,"9":0,"10":0,"11":0,"12":0,"13":0,"14":0,"15":0,"16":0,"17":0,"18":0,"19":0,"20":2,"21":0,"22":2},"f":{"0":0,"1":0,"2":0},"b":{"0":[0,0],"1":[0],"2":[0],"3":[0,0],"4":[0],"5":[0,0],"6":[0]}}
}
