TN:
SF:src/services/slices/constructorSlice.ts
FN:8,(anonymous_15)
FN:34,(anonymous_18)
FN:44,(anonymous_19)
FN:49,(anonymous_20)
FN:54,(anonymous_21)
FN:57,(anonymous_22)
FN:61,(anonymous_23)
FN:65,(anonymous_24)
FN:67,(anonymous_25)
FN:70,(anonymous_26)
FN:74,(anonymous_27)
FNF:11
FNH:10
FNDA:0,(anonymous_15)
FNDA:2,(anonymous_18)
FNDA:2,(anonymous_19)
FNDA:1,(anonymous_20)
FNDA:1,(anonymous_21)
FNDA:1,(anonymous_22)
FNDA:1,(anonymous_23)
FNDA:1,(anonymous_24)
FNDA:1,(anonymous_25)
FNDA:1,(anonymous_26)
FNDA:1,(anonymous_27)
DA:1,1
DA:3,1
DA:4,1
DA:6,1
DA:8,0
DA:9,0
DA:10,0
DA:11,0
DA:22,1
DA:29,1
DA:38,2
DA:39,1
DA:41,1
DA:45,2
DA:46,2
DA:53,1
DA:54,1
DA:58,1
DA:59,1
DA:62,1
DA:66,1
DA:68,1
DA:71,1
DA:72,1
DA:75,1
DA:76,1
DA:82,1
DA:87,1
LF:28
LH:24
BRDA:9,0,0,0
BRDA:38,1,0,1
BRDA:38,1,1,1
BRF:3
BRH:2
end_of_record
TN:
SF:src/services/slices/ingredientsSlice.ts
FN:7,(anonymous_13)
FN:29,(anonymous_16)
FN:31,(anonymous_17)
FN:35,(anonymous_18)
FN:39,(anonymous_19)
FNF:5
FNH:4
FNDA:0,(anonymous_13)
FNDA:1,(anonymous_16)
FNDA:1,(anonymous_17)
FNDA:1,(anonymous_18)
FNDA:1,(anonymous_19)
DA:1,1
DA:2,1
DA:5,1
DA:7,0
DA:8,0
DA:9,0
DA:19,1
DA:25,1
DA:30,1
DA:32,1
DA:33,1
DA:36,1
DA:37,1
DA:40,1
DA:41,1
DA:46,1
LF:16
LH:13
BRDA:8,0,0,0
BRDA:41,1,0,1
BRDA:41,1,1,0
BRF:3
BRH:1
end_of_record
TN:
SF:src/utils/burger-api.ts
FN:7,(anonymous_13)
FN:8,(anonymous_14)
FN:19,(anonymous_15)
FN:29,(anonymous_16)
FN:30,(anonymous_17)
FN:39,(anonymous_18)
FN:41,(anonymous_19)
FN:75,(anonymous_21)
FN:77,(anonymous_22)
FN:78,(anonymous_23)
FN:83,(anonymous_24)
FN:85,(anonymous_25)
FN:86,(anonymous_26)
FN:91,(anonymous_27)
FN:110,(anonymous_28)
FN:141,(anonymous_29)
FN:151,(anonymous_30)
FN:160,(anonymous_31)
FN:166,(anonymous_32)
FN:180,(anonymous_33)
FN:188,(anonymous_34)
FN:189,(anonymous_35)
FN:199,(anonymous_36)
FN:207,(anonymous_37)
FN:208,(anonymous_38)
FN:213,(anonymous_39)
FN:221,(anonymous_40)
FN:222,(anonymous_41)
FN:227,(anonymous_42)
FN:235,(anonymous_43)
FN:236,(anonymous_44)
FN:243,(anonymous_45)
FN:250,(anonymous_46)
FN:260,(anonymous_47)
FN:269,(anonymous_48)
FNF:35
FNH:0
FNDA:0,(anonymous_13)
FNDA:0,(anonymous_14)
FNDA:0,(anonymous_15)
FNDA:0,(anonymous_16)
FNDA:0,(anonymous_17)
FNDA:0,(anonymous_18)
FNDA:0,(anonymous_19)
FNDA:0,(anonymous_21)
FNDA:0,(anonymous_22)
FNDA:0,(anonymous_23)
FNDA:0,(anonymous_24)
FNDA:0,(anonymous_25)
FNDA:0,(anonymous_26)
FNDA:0,(anonymous_27)
FNDA:0,(anonymous_28)
FNDA:0,(anonymous_29)
FNDA:0,(anonymous_30)
FNDA:0,(anonymous_31)
FNDA:0,(anonymous_32)
FNDA:0,(anonymous_33)
FNDA:0,(anonymous_34)
FNDA:0,(anonymous_35)
FNDA:0,(anonymous_36)
FNDA:0,(anonymous_37)
FNDA:0,(anonymous_38)
FNDA:0,(anonymous_39)
FNDA:0,(anonymous_40)
FNDA:0,(anonymous_41)
FNDA:0,(anonymous_42)
FNDA:0,(anonymous_43)
FNDA:0,(anonymous_44)
FNDA:0,(anonymous_45)
FNDA:0,(anonymous_46)
FNDA:0,(anonymous_47)
FNDA:0,(anonymous_48)
DA:1,2
DA:5,2
DA:7,2
DA:8,0
DA:19,2
DA:20,0
DA:29,0
DA:31,0
DA:32,0
DA:34,0
DA:35,0
DA:36,0
DA:39,2
DA:41,0
DA:44,0
DA:45,0
DA:47,0
DA:48,0
DA:49,0
DA:50,0
DA:53,0
DA:54,0
DA:56,0
DA:75,2
DA:76,0
DA:77,0
DA:79,0
DA:80,0
DA:83,2
DA:84,0
DA:85,0
DA:87,0
DA:88,0
DA:91,2
DA:92,0
DA:94,0
DA:95,0
DA:96,0
DA:98,0
DA:99,0
DA:101,0
DA:104,0
DA:111,0
DA:112,0
DA:114,0
DA:141,2
DA:142,0
DA:152,0
DA:153,0
DA:160,2
DA:161,0
DA:166,0
DA:180,2
DA:181,0
DA:188,0
DA:190,0
DA:191,0
DA:199,2
DA:200,0
DA:207,0
DA:209,0
DA:210,0
DA:213,2
DA:214,0
DA:221,0
DA:223,0
DA:224,0
DA:227,2
DA:228,0
DA:235,0
DA:237,0
DA:238,0
DA:243,2
DA:244,0
DA:250,2
DA:251,0
DA:260,2
DA:261,0
DA:269,0
LF:79
LH:17
BRDA:5,0,0,2
BRDA:5,0,1,2
BRDA:8,1,0,0
BRDA:8,1,1,0
BRDA:31,2,0,0
BRDA:45,3,0,0
BRDA:45,3,1,0
BRDA:45,3,2,0
BRDA:47,4,0,0
BRDA:49,5,0,0
BRDA:79,6,0,0
BRDA:79,7,0,0
BRDA:79,7,1,0
BRDA:79,8,0,0
BRDA:79,8,1,0
BRDA:87,9,0,0
BRDA:87,10,0,0
BRDA:87,10,1,0
BRDA:87,11,0,0
BRDA:87,11,1,0
BRDA:94,12,0,0
BRDA:95,13,0,0
BRDA:98,14,0,0
BRDA:111,15,0,0
BRDA:111,16,0,0
BRDA:111,16,1,0
BRDA:111,17,0,0
BRDA:111,17,1,0
BRDA:112,18,0,0
BRDA:112,18,1,0
BRDA:112,18,2,0
BRDA:152,19,0,0
BRDA:152,20,0,0
BRDA:152,20,1,0
BRDA:152,21,0,0
BRDA:152,21,1,0
BRDA:190,22,0,0
BRDA:190,23,0,0
BRDA:190,23,1,0
BRDA:190,24,0,0
BRDA:190,24,1,0
BRDA:209,25,0,0
BRDA:209,26,0,0
BRDA:209,26,1,0
BRDA:209,27,0,0
BRDA:209,27,1,0
BRDA:223,28,0,0
BRDA:223,29,0,0
BRDA:223,29,1,0
BRDA:223,30,0,0
BRDA:223,30,1,0
BRDA:237,31,0,0
BRDA:237,32,0,0
BRDA:237,32,1,0
BRDA:237,33,0,0
BRDA:237,33,1,0
BRF:56
BRH:2
end_of_record
TN:
SF:src/utils/cookie.ts
FN:1,getCookie
FN:13,setCookie
FN:45,deleteCookie
FNF:3
FNH:0
FNDA:0,getCookie
FNDA:0,setCookie
FNDA:0,deleteCookie
DA:1,2
DA:2,0
DA:10,0
DA:13,2
DA:16,0
DA:18,0
DA:23,0
DA:24,0
DA:25,0
DA:26,0
DA:27,0
DA:30,0
DA:31,0
DA:33,0
DA:34,0
DA:35,0
DA:36,0
DA:37,0
DA:38,0
DA:39,0
DA:42,0
DA:45,2
DA:46,0
LF:23
LH:3
BRDA:10,0,0,0
BRDA:10,0,1,0
BRDA:16,1,0,0
BRDA:24,2,0,0
BRDA:24,3,0,0
BRDA:24,3,1,0
BRDA:30,4,0,0
BRDA:30,5,0,0
BRDA:30,5,1,0
BRDA:38,6,0,0
BRF:10
BRH:0
end_of_record
